C:\USERS\昌辉\DOCUMENTS\VISUAL STUDIO 2012\PROJECTS\OPENGL\OPENGL\DEBUG\OPENGL.PCH
C:\USERS\昌辉\DOCUMENTS\VISUAL STUDIO 2012\PROJECTS\OPENGL\OPENGL\DEBUG\STDAFX.OBJ
C:\USERS\昌辉\DOCUMENTS\VISUAL STUDIO 2012\PROJECTS\OPENGL\OPENGL\DEBUG\VC110.PDB
C:\USERS\昌辉\DOCUMENTS\VISUAL STUDIO 2012\PROJECTS\OPENGL\OPENGL\DEBUG\PINGMIAN.OBJ
C:\USERS\昌辉\DOCUMENTS\VISUAL STUDIO 2012\PROJECTS\OPENGL\DEBUG\OPENGL.ILK
C:\USERS\昌辉\DOCUMENTS\VISUAL STUDIO 2012\PROJECTS\OPENGL\DEBUG\OPENGL.EXE
C:\USERS\昌辉\DOCUMENTS\VISUAL STUDIO 2012\PROJECTS\OPENGL\DEBUG\OPENGL.PDB
C:\Users\昌辉\Documents\Visual Studio 2012\Projects\OPENGL\OPENGL\Debug\pingmian.obj
C:\Users\昌辉\Documents\Visual Studio 2012\Projects\OPENGL\OPENGL\Debug\stdafx.obj
C:\Users\昌辉\Documents\Visual Studio 2012\Projects\OPENGL\OPENGL\Debug\cl.command.1.tlog
C:\Users\昌辉\Documents\Visual Studio 2012\Projects\OPENGL\OPENGL\Debug\CL.read.1.tlog
C:\Users\昌辉\Documents\Visual Studio 2012\Projects\OPENGL\OPENGL\Debug\CL.write.1.tlog
C:\Users\昌辉\Documents\Visual Studio 2012\Projects\OPENGL\OPENGL\Debug\link-cvtres.read.1.tlog
C:\Users\昌辉\Documents\Visual Studio 2012\Projects\OPENGL\OPENGL\Debug\link-cvtres.write.1.tlog
C:\Users\昌辉\Documents\Visual Studio 2012\Projects\OPENGL\OPENGL\Debug\link-rc.read.1.tlog
C:\Users\昌辉\Documents\Visual Studio 2012\Projects\OPENGL\OPENGL\Debug\link-rc.write.1.tlog
C:\Users\昌辉\Documents\Visual Studio 2012\Projects\OPENGL\OPENGL\Debug\link.7732-cvtres.read.1.tlog
C:\Users\昌辉\Documents\Visual Studio 2012\Projects\OPENGL\OPENGL\Debug\link.7732-cvtres.write.1.tlog
C:\Users\昌辉\Documents\Visual Studio 2012\Projects\OPENGL\OPENGL\Debug\link.7732-rc.read.1.tlog
C:\Users\昌辉\Documents\Visual Studio 2012\Projects\OPENGL\OPENGL\Debug\link.7732-rc.write.1.tlog
C:\Users\昌辉\Documents\Visual Studio 2012\Projects\OPENGL\OPENGL\Debug\link.7732.read.1.tlog
C:\Users\昌辉\Documents\Visual Studio 2012\Projects\OPENGL\OPENGL\Debug\link.7732.write.1.tlog
C:\Users\昌辉\Documents\Visual Studio 2012\Projects\OPENGL\OPENGL\Debug\link.command.1.tlog
C:\Users\昌辉\Documents\Visual Studio 2012\Projects\OPENGL\OPENGL\Debug\link.read.1.tlog
C:\Users\昌辉\Documents\Visual Studio 2012\Projects\OPENGL\OPENGL\Debug\link.write.1.tlog
C:\Users\昌辉\Documents\Visual Studio 2012\Projects\OPENGL\OPENGL\Debug\OPENGL.pch
C:\Users\昌辉\Documents\Visual Studio 2012\Projects\OPENGL\OPENGL\Debug\vc110.idb
C:\Users\昌辉\Documents\Visual Studio 2012\Projects\OPENGL\OPENGL\Debug\vc110.pdb
C:\Users\昌辉\Documents\Visual Studio 2012\Projects\OPENGL\Debug\OPENGL.pdb
C:\Users\昌辉\Documents\Visual Studio 2012\Projects\OPENGL\Debug\OPENGL.exe
C:\Users\昌辉\Documents\Visual Studio 2012\Projects\OPENGL\Debug\OPENGL.ilk
